Arguments: 
  /home/david00154/.nvm/versions/node/v20.1.0/bin/node /home/david00154/.nvm/versions/node/v20.1.0/bin/yarn

PATH: 
  /home/david00154/.bun/bin:/home/david00154/.sdkman/candidates/gradle/current/bin:/opt:/home/david00154/.sdkman/candidates/maven/current/bin:/home/david00154/.cabal/bin:/home/david00154/.ghcup/bin:/home/david00154/.opam/default/bin:/home/linuxbrew/.linuxbrew/bin:/home/linuxbrew/.linuxbrew/sbin:/home/david00154/.local/bin:/home/david00154/.opam/default/bin:/home/david00154/.nimble/bin:/home/david00154/.sdkman/candidates/java/current/bin:/home/david00154/.nvm/versions/node/v20.1.0/bin:/home/david00154/.asdf/shims:/home/david00154/.asdf/bin:/home/linuxbrew/.linuxbrew/bin:/home/linuxbrew/.linuxbrew/sbin:/home/david00154/.cargo/bin:/usr/local/sbin:/usr/local/bin:/usr/sbin:/usr/bin:/sbin:/bin:/usr/games:/usr/local/games:/snap/bin:/home/david00154/.local/share/coursier/bin

Yarn version: 
  1.22.19

Node version: 
  20.1.0

Platform: 
  linux x64

Trace: 
  AggregateError
      at internalConnectMultiple (node:net:1103:18)
      at internalConnectMultiple (node:net:1161:5)
      at internalConnectMultiple (node:net:1161:5)
      at internalConnectMultiple (node:net:1161:5)
      at internalConnectMultiple (node:net:1161:5)
      at internalConnectMultiple (node:net:1161:5)
      at internalConnectMultiple (node:net:1161:5)
      at internalConnectMultiple (node:net:1161:5)
      at internalConnectMultiple (node:net:1161:5)

npm manifest: 
  {
    "name": "trading-website",
    "version": "1.0.0",
    "description": "",
    "main": "app.js",
    "scripts": {
      "start": "node app.js",
      "dev": "nodemon app.js",
      "tailwind:css": "postcss static/css/tailwind.css -o static/css/style.css --watch",
      "dev:watch": "npx concurrently \"npm run tailwind:css\" \"npm run dev\" --kill-others-on-fail"
    },
    "keywords": [],
    "author": "",
    "license": "ISC",
    "devDependencies": {
      "autoprefixer": "^10.4.2",
      "dotenv": "^16.0.0",
      "nodemon": "^2.0.15",
      "postcss": "^8.4.6",
      "postcss-cli": "^9.1.0",
      "tailwindcss": "^3.0.22"
    },
    "prisma": {
      "schema": "prisma/schema.prisma"
    },
    "engines": {
      "node": ">=18.0.0"
    },
    "dependencies": {
      "@prisma/client": "^5.3.1",
      "@supabase/supabase-js": "^1.34.1",
      "bcryptjs": "^2.4.3",
      "bson": "^4.6.1",
      "concurrently": "^7.0.0",
      "connect-flash": "^0.1.1",
      "connect-mongo": "^4.6.0",
      "connect-pg-simple": "^7.0.0",
      "cors": "^2.8.5",
      "cssnano": "^5.0.17",
      "ejs": "^3.1.6",
      "express": "^4.17.2",
      "express-ejs-layouts": "^2.5.1",
      "express-session": "^1.17.2",
      "express-validator": "^6.14.0",
      "mongodb": "^4.4.1",
      "node-mailer": "^0.1.1",
      "passport": "^0.5.2",
      "passport-local": "^1.0.0",
      "prisma": "^5.3.1",
      "web-push": "^3.4.5"
    }
  }

yarn manifest: 
  No manifest

Lockfile: 
  No lockfile
